Test project /home/mwerner/Projekte/sce/test_programs/_build
    Start 1: simpleadd
1/6 Test #1: simpleadd ........................   Passed   11.20 sec
    Start 2: bigen
2/6 Test #2: bigen ............................   Passed   80.85 sec
    Start 3: dhrystone
3/6 Test #3: dhrystone ........................***Timeout 180.01 sec
    Start 4: indcall
4/6 Test #4: indcall ..........................   Passed   11.61 sec
    Start 5: aes
5/6 Test #5: aes ..............................   Passed   23.86 sec
    Start 6: coremark
6/6 Test #6: coremark .........................***Failed  Required regular expression not found.Regex=[Correct operation validated.
]  4.92 sec

67% tests passed, 2 tests failed out of 6

Total Test time (real) = 312.45 sec

The following tests FAILED:
          3 - dhrystone (Timeout)
          6 - coremark (Failed)
Errors while running CTest
